#
# There is insufficient memory for the Java Runtime Environment to continue.
# Native memory allocation (malloc) failed to allocate 208576 bytes for Chunk::new
# Possible reasons:
#   The system is out of physical RAM or swap space
#   The process is running with CompressedOops enabled, and the Java Heap may be blocking the growth of the native heap
# Possible solutions:
#   Reduce memory load on the system
#   Increase physical memory or swap space
#   Check if swap backing store is full
#   Decrease Java heap size (-Xmx/-Xms)
#   Decrease number of Java threads
#   Decrease Java thread stack sizes (-Xss)
#   Set larger code cache with -XX:ReservedCodeCacheSize=
#   JVM is running with Zero Based Compressed Oops mode in which the Java heap is
#     placed in the first 32GB address space. The Java Heap base address is the
#     maximum limit for the native heap growth. Please use -XX:HeapBaseMinAddress
#     to set the Java Heap base and to place the Java Heap above 32GB virtual address.
# This output file may be truncated or incomplete.
#
#  Out of Memory Error (allocation.cpp:389), pid=35796, tid=0x0000000000007168
#
# JRE version: Java(TM) SE Runtime Environment (8.0_241-b07) (build 1.8.0_241-b07)
# Java VM: Java HotSpot(TM) 64-Bit Server VM (25.241-b07 mixed mode windows-amd64 compressed oops)
# Failed to write core dump. Minidumps are not enabled by default on client versions of Windows
#

---------------  T H R E A D  ---------------

Current thread (0x000000001e255800):  JavaThread "C2 CompilerThread0" daemon [_thread_in_native, id=29032, stack(0x000000001f8c0000,0x000000001f9c0000)]

Stack: [0x000000001f8c0000,0x000000001f9c0000]
[error occurred during error reporting (printing stack bounds), id 0xc0000005]

Native frames: (J=compiled Java code, j=interpreted, Vv=VM code, C=native code)


Current CompileTask:
C2:    973  154       4       java.io.OutputStreamWriter::write (11 bytes)


---------------  P R O C E S S  ---------------

Java Threads: ( => current thread )
  0x000000001e2b3800 JavaThread "Service Thread" daemon [_thread_blocked, id=4288, stack(0x000000001fcc0000,0x000000001fdc0000)]
  0x000000001e2b1800 JavaThread "C1 CompilerThread3" daemon [_thread_blocked, id=36152, stack(0x000000001fbc0000,0x000000001fcc0000)]
  0x000000001e2af800 JavaThread "C2 CompilerThread2" daemon [_thread_in_native, id=32184, stack(0x000000001fac0000,0x000000001fbc0000)]
  0x000000001e2a9800 JavaThread "C2 CompilerThread1" daemon [_thread_in_native, id=25292, stack(0x000000001f9c0000,0x000000001fac0000)]
=>0x000000001e255800 JavaThread "C2 CompilerThread0" daemon [_thread_in_native, id=29032, stack(0x000000001f8c0000,0x000000001f9c0000)]
  0x000000001e253000 JavaThread "Attach Listener" daemon [_thread_blocked, id=24892, stack(0x000000001f7c0000,0x000000001f8c0000)]
  0x000000001e251000 JavaThread "Signal Dispatcher" daemon [_thread_blocked, id=20116, stack(0x000000001f6c0000,0x000000001f7c0000)]
  0x000000001cb82800 JavaThread "Finalizer" daemon [_thread_blocked, id=22308, stack(0x000000001f4c0000,0x000000001f5c0000)]
  0x000000001e243000 JavaThread "Reference Handler" daemon [_thread_blocked, id=36912, stack(0x000000001f3c0000,0x000000001f4c0000)]
  0x0000000002d7d800 JavaThread "main" [_thread_in_Java, id=26808, stack(0x0000000002d80000,0x0000000002e80000)]

Other Threads:
  0x000000001e222800 VMThread [stack: 0x000000001f2c0000,0x000000001f3c0000] [id=12756]
  0x000000001e2be800 WatcherThread [stack: 0x000000001fdc0000,0x000000001fec0000] [id=10956]

VM state:not at safepoint (normal execution)

VM Mutex/Monitor currently owned by a thread: None

heap address: 0x00000006c2600000, size: 4058 MB, Compressed Oops mode: Zero based, Oop shift amount: 3
Narrow klass base: 0x0000000000000000, Narrow klass shift: 3
Compressed class space size: 1073741824 Address: 0x00000007c0000000

Heap:
 PSYoungGen      total 75776K, used 35315K [0x000000076b780000, 0x0000000770c00000, 0x00000007c0000000)
  eden space 65024K, 54% used [0x000000076b780000,0x000000076d9fcd50,0x000000076f700000)
  from space 10752K, 0% used [0x0000000770180000,0x0000000770180000,0x0000000770c00000)
  to   space 10752K, 0% used [0x000000076f700000,0x000000076f700000,0x0000000770180000)
 ParOldGen       total 173568K, used 0K [0x00000006c2600000, 0x00000006ccf80000, 0x000000076b780000)
  object space 173568K, 0% used [0x00000006c2600000,0x00000006c2600000,0x00000006ccf80000)
 Metaspace       used 2697K, capacity 4494K, committed 4864K, reserved 1056768K
  class space    used 283K, capacity 386K, committed 512K, reserved 1048576K

Card table byte_map: [0x0000000012340000,0x0000000012b30000] byte_map_base: 0x000000000ed2d000

Marking Bits: (ParMarkBitMap*) 0x000000007392be30
 Begin Bits: [0x0000000013a80000, 0x00000000179e8000)
 End Bits:   [0x00000000179e8000, 0x000000001b950000)

Polling page: 0x0000000001170000

CodeCache: size=245760Kb used=1549Kb max_used=1563Kb free=244210Kb
 bounds [0x0000000002f80000, 0x00000000031f0000, 0x0000000011f80000]
 total_blobs=384 nmethods=150 adapters=148
 compilation: enabled

Compilation events (10 events):
Event: 0.959 Thread 0x000000001e2a9800 nmethod 147 0x00000000030f09d0 code [0x00000000030f0b00, 0x00000000030f0b78]
Event: 0.959 Thread 0x000000001e2a9800  152       4       java.util.TreeMap::successor (66 bytes)
Event: 0.959 Thread 0x000000001e255800 nmethod 146 0x0000000003104d90 code [0x0000000003104ee0, 0x0000000003105098]
Event: 0.959 Thread 0x000000001e255800  153       4       java.lang.Integer::getChars (131 bytes)
Event: 0.959 Thread 0x000000001e2af800 nmethod 144 0x0000000003103810 code [0x0000000003103960, 0x0000000003103b98]
Event: 0.959 Thread 0x000000001e2af800  148   !   4       java.nio.charset.CharsetEncoder::encode (285 bytes)
Event: 0.961 Thread 0x000000001e2a9800 nmethod 152 0x00000000031081d0 code [0x0000000003108320, 0x0000000003108418]
Event: 0.961 Thread 0x000000001e2a9800  157       4       sun.nio.cs.StreamEncoder::implWrite (156 bytes)
Event: 0.961 Thread 0x000000001e255800 nmethod 153 0x0000000003106590 code [0x00000000031066e0, 0x0000000003106818]
Event: 0.961 Thread 0x000000001e255800  154       4       java.io.OutputStreamWriter::write (11 bytes)

GC Heap History (0 events):
No events

Deoptimization events (3 events):
Event: 0.314 Thread 0x0000000002d7d800 Uncommon trap: reason=unstable_if action=reinterpret pc=0x00000000030a5e18 method=java.lang.String.<init>([CII)V @ 18
Event: 0.334 Thread 0x0000000002d7d800 Uncommon trap: reason=unstable_if action=reinterpret pc=0x00000000030a631c method=java.util.ArrayList$SubList$1.hasNext()Z @ 11
Event: 0.927 Thread 0x0000000002d7d800 Uncommon trap: reason=unstable_if action=reinterpret pc=0x00000000030c6354 method=LabWorkOne.Mapper.main([Ljava/lang/String;)V @ 217

Classes redefined (0 events):
No events

Internal exceptions (2 events):
Event: 0.048 Thread 0x0000000002d7d800 Exception <a 'java/lang/NoSuchMethodError': Method sun.misc.Unsafe.defineClass(Ljava/lang/String;[BII)Ljava/lang/Class; name or signature does not match> (0x000000076b787cc0) thrown at [C:\ade\jenkins\workspace\8-2-build-windows-amd64-cygwin\jdk8u241\331\
Event: 0.050 Thread 0x0000000002d7d800 Exception <a 'java/lang/NoSuchMethodError': Method sun.misc.Unsafe.prefetchRead(Ljava/lang/Object;J)V name or signature does not match> (0x000000076b787fa8) thrown at [C:\ade\jenkins\workspace\8-2-build-windows-amd64-cygwin\jdk8u241\331\hotspot\src\share\

Events (10 events):
Event: 0.927 loading class java/io/FileWriter
Event: 0.927 loading class java/io/FileWriter done
Event: 0.928 loading class java/util/TreeMap$EntrySet
Event: 0.928 loading class java/util/TreeMap$EntrySet done
Event: 0.928 loading class java/util/concurrent/ConcurrentHashMap$ForwardingNode
Event: 0.928 loading class java/util/concurrent/ConcurrentHashMap$ForwardingNode done
Event: 0.928 loading class java/util/TreeMap$EntryIterator
Event: 0.928 loading class java/util/TreeMap$PrivateEntryIterator
Event: 0.929 loading class java/util/TreeMap$PrivateEntryIterator done
Event: 0.929 loading class java/util/TreeMap$EntryIterator done


Dynamic libraries:
0x00007ff602b90000 - 0x00007ff602bc7000 	C:\Program Files\Java\jdk1.8.0_241\bin\java.exe
0x00007ffd64ba0000 - 0x00007ffd64d8d000 	C:\Windows\SYSTEM32\ntdll.dll
0x00007ffd63f20000 - 0x00007ffd63fd3000 	C:\Windows\System32\KERNEL32.DLL
0x00007ffd60ee0000 - 0x00007ffd61173000 	C:\Windows\System32\KERNELBASE.dll
0x00007ffd63e70000 - 0x00007ffd63f13000 	C:\Windows\System32\ADVAPI32.dll
0x00007ffd63fe0000 - 0x00007ffd6407e000 	C:\Windows\System32\msvcrt.dll
0x00007ffd63d60000 - 0x00007ffd63dfe000 	C:\Windows\System32\sechost.dll
0x00007ffd63600000 - 0x00007ffd63722000 	C:\Windows\System32\RPCRT4.dll
0x00007ffd64440000 - 0x00007ffd645d7000 	C:\Windows\System32\USER32.dll
0x00007ffd61a70000 - 0x00007ffd61a90000 	C:\Windows\System32\win32u.dll
0x00007ffd64ac0000 - 0x00007ffd64ae9000 	C:\Windows\System32\GDI32.dll
0x00007ffd61a90000 - 0x00007ffd61c29000 	C:\Windows\System32\gdi32full.dll
0x00007ffd60e40000 - 0x00007ffd60ee0000 	C:\Windows\System32\msvcp_win.dll
0x00007ffd61950000 - 0x00007ffd61a4a000 	C:\Windows\System32\ucrtbase.dll
0x00007ffd4e7a0000 - 0x00007ffd4ea19000 	C:\Windows\WinSxS\amd64_microsoft.windows.common-controls_6595b64144ccf1df_6.0.17763.1098_none_de762ed45346ee8a\COMCTL32.dll
0x00007ffd63730000 - 0x00007ffd63a5c000 	C:\Windows\System32\combase.dll
0x00007ffd618d0000 - 0x00007ffd6194e000 	C:\Windows\System32\bcryptPrimitives.dll
0x00007ffd63a60000 - 0x00007ffd63a8e000 	C:\Windows\System32\IMM32.DLL
0x0000000073e90000 - 0x0000000073f62000 	C:\Program Files\Java\jdk1.8.0_241\jre\bin\msvcr100.dll
0x0000000073100000 - 0x00000000739ac000 	C:\Program Files\Java\jdk1.8.0_241\jre\bin\server\jvm.dll
0x00007ffd64430000 - 0x00007ffd64438000 	C:\Windows\System32\PSAPI.DLL
0x00007ffd41e30000 - 0x00007ffd41e39000 	C:\Windows\SYSTEM32\WSOCK32.dll
0x00007ffd63e00000 - 0x00007ffd63e6d000 	C:\Windows\System32\WS2_32.dll
0x00007ffd5ebe0000 - 0x00007ffd5ec04000 	C:\Windows\SYSTEM32\WINMM.dll
0x00007ffd5c1c0000 - 0x00007ffd5c1ca000 	C:\Windows\SYSTEM32\VERSION.dll
0x00007ffd5ebb0000 - 0x00007ffd5ebdd000 	C:\Windows\SYSTEM32\WINMMBASE.dll
0x00007ffd61d70000 - 0x00007ffd61dba000 	C:\Windows\System32\cfgmgr32.dll
0x00007ffd5ed50000 - 0x00007ffd5ed5f000 	C:\Program Files\Java\jdk1.8.0_241\jre\bin\verify.dll
0x00007ffd52b80000 - 0x00007ffd52ba9000 	C:\Program Files\Java\jdk1.8.0_241\jre\bin\java.dll
0x00007ffd5e670000 - 0x00007ffd5e686000 	C:\Program Files\Java\jdk1.8.0_241\jre\bin\zip.dll
0x00007ffd61dc0000 - 0x00007ffd632b4000 	C:\Windows\System32\SHELL32.dll
0x00007ffd63cb0000 - 0x00007ffd63d58000 	C:\Windows\System32\shcore.dll
0x00007ffd61180000 - 0x00007ffd618cd000 	C:\Windows\System32\windows.storage.dll
0x00007ffd60c10000 - 0x00007ffd60c34000 	C:\Windows\System32\profapi.dll
0x00007ffd60bb0000 - 0x00007ffd60c0d000 	C:\Windows\System32\powrprof.dll
0x00007ffd63a90000 - 0x00007ffd63ae2000 	C:\Windows\System32\shlwapi.dll
0x00007ffd60b90000 - 0x00007ffd60ba1000 	C:\Windows\System32\kernel.appcore.dll
0x00007ffd61a50000 - 0x00007ffd61a67000 	C:\Windows\System32\cryptsp.dll

VM Arguments:
java_command: LabWorkOne.Mapper 24
java_class_path (initial): src
Launcher Type: SUN_STANDARD

Environment Variables:
JAVA_HOME=C:\Program Files\Java\jdk1.8.0_241\bin
PATH=C:\Program Files (x86)\Common Files\Oracle\Java\javapath;C:\Windows\system32;C:\Windows;C:\Windows\System32\Wbem;C:\Windows\System32\WindowsPowerShell\v1.0\;C:\Windows\System32\OpenSSH\;C:\Program Files (x86)\NVIDIA Corporation\PhysX\Common;C:\Program Files\NVIDIA Corporation\NVIDIA NGX;C:\Program Files\NVIDIA Corporation\NVIDIA NvDLISR;C:\Program Files\Java\jdk1.8.0_241\bin;C:\Users\uomad\AppData\Local\Microsoft\WindowsApps;C:\Program Files\Java\jdk1.8.0_241\bin;
USERNAME=uomad
OS=Windows_NT
PROCESSOR_IDENTIFIER=Intel64 Family 6 Model 158 Stepping 10, GenuineIntel



---------------  S Y S T E M  ---------------

OS: Windows 10.0 , 64 bit Build 17763 (10.0.17763.475)

CPU:total 12 (initial active 12) (6 cores per cpu, 2 threads per core) family 6 model 158 stepping 10, cmov, cx8, fxsr, mmx, sse, sse2, sse3, ssse3, sse4.1, sse4.2, popcnt, avx, avx2, aes, clmul, erms, 3dnowpref, lzcnt, ht, tsc, tscinvbit, bmi1, bmi2, adx

Memory: 4k page, physical 16617976k(2634544k free), swap 66949624k(5244k free)

vm_info: Java HotSpot(TM) 64-Bit Server VM (25.241-b07) for windows-amd64 JRE (1.8.0_241-b07), built on Dec 11 2019 10:21:40 by "rejava" with MS VC++ 10.0 (VS2010)

time: Sun Mar 22 20:41:05 2020
timezone: RTZ 2 (зима)
elapsed time: 0 seconds (0d 0h 0m 0s)

